# JRE version: OpenJDK Runtime Environment (17.0.5+8) (build 17.0.5+8-LTS)
# Java VM: OpenJDK 64-Bit Server VM (17.0.5+8-LTS, mixed mode, sharing, tiered, compressed oops, compressed class ptrs, g1 gc, windows-amd64)
GC Precious Log:
 CPUs: 4 total, 4 available
 Memory: 3839M
 Large Page Support: Disabled
 NUMA Support: Disabled
 Compressed Oops: Enabled (32-bit)
 Heap Region Size: 1M
 Heap Min Capacity: 8M
 Heap Initial Capacity: 60M
 Heap Max Capacity: 960M
 Pre-touch: Disabled
 Parallel Workers: 4
 Concurrent Workers: 1
 Concurrent Refinement Workers: 4
 Periodic GC: Disabled
Heap:
 garbage-first heap   total 61440K, used 19238K [0x00000000c4000000, 0x0000000100000000)
  region size 1024K, 16 young (16384K), 3 survivors (3072K)
 Metaspace       used 15585K, committed 15872K, reserved 1064960K
  class space    used 1909K, committed 2048K, reserved 1048576K
GC Heap History (6 events):
Event: 3.081 GC heap before
{Heap before GC invocations=0 (full 0):
 garbage-first heap   total 61440K, used 12288K [0x00000000c4000000, 0x0000000100000000)
  region size 1024K, 13 young (13312K), 0 survivors (0K)
 Metaspace       used 4186K, committed 4352K, reserved 1056768K
  class space    used 464K, committed 576K, reserved 1048576K
}
Event: 3.123 GC heap after
{Heap after GC invocations=1 (full 0):
 garbage-first heap   total 61440K, used 3912K [0x00000000c4000000, 0x0000000100000000)
  region size 1024K, 2 young (2048K), 2 survivors (2048K)
 Metaspace       used 4186K, committed 4352K, reserved 1056768K
  class space    used 464K, committed 576K, reserved 1048576K
}
Event: 4.795 GC heap before
{Heap before GC invocations=1 (full 0):
 garbage-first heap   total 61440K, used 16200K [0x00000000c4000000, 0x0000000100000000)
  region size 1024K, 14 young (14336K), 2 survivors (2048K)
 Metaspace       used 7375K, committed 7616K, reserved 1056768K
  class space    used 929K, committed 1024K, reserved 1048576K
}
Event: 4.816 GC heap after
{Heap after GC invocations=2 (full 0):
 garbage-first heap   total 61440K, used 5147K [0x00000000c4000000, 0x0000000100000000)
  region size 1024K, 2 young (2048K), 2 survivors (2048K)
 Metaspace       used 7375K, committed 7616K, reserved 1056768K
  class space    used 929K, committed 1024K, reserved 1048576K
}
Event: 6.963 GC heap before
{Heap before GC invocations=2 (full 0):
 garbage-first heap   total 61440K, used 26651K [0x00000000c4000000, 0x0000000100000000)
  region size 1024K, 24 young (24576K), 2 survivors (2048K)
 Metaspace       used 13407K, committed 13632K, reserved 1064960K
  class space    used 1614K, committed 1728K, reserved 1048576K
}
Event: 6.969 GC heap after
{Heap after GC invocations=3 (full 0):
 garbage-first heap   total 61440K, used 6950K [0x00000000c4000000, 0x0000000100000000)
  region size 1024K, 3 young (3072K), 3 survivors (3072K)
 Metaspace       used 13407K, committed 13632K, reserved 1064960K
  class space    used 1614K, committed 1728K, reserved 1048576K
}

